Dec 27 2023 19:11:50
{"Number":8192,"Message":"Return type of ActionScheduler_DateTime::setTimezone($timezone) should either be compatible with DateTime::setTimezone(DateTimeZone $timezone): DateTime, or the #[\\ReturnTypeWillChange] attribute should be used to temporarily suppress the notice","File":"C:\\xampp\\htdocs\\wordpreess\\wp-content\\plugins\\woocommerce\\packages\\action-scheduler\\classes\\ActionScheduler_DateTime.php","Line":60}

Dec 27 2023 19:11:50
{"Number":8192,"Message":"Return type of ActionScheduler_DateTime::getOffset() should either be compatible with DateTime::getOffset(): int, or the #[\\ReturnTypeWillChange] attribute should be used to temporarily suppress the notice","File":"C:\\xampp\\htdocs\\wordpreess\\wp-content\\plugins\\woocommerce\\packages\\action-scheduler\\classes\\ActionScheduler_DateTime.php","Line":48}

Dec 27 2023 19:11:50
{"Number":8192,"Message":"Return type of ActionScheduler_DateTime::getTimestamp() should either be compatible with DateTime::getTimestamp(): int, or the #[\\ReturnTypeWillChange] attribute should be used to temporarily suppress the notice","File":"C:\\xampp\\htdocs\\wordpreess\\wp-content\\plugins\\woocommerce\\packages\\action-scheduler\\classes\\ActionScheduler_DateTime.php","Line":27}

Dec 27 2023 19:11:50
{"Number":8192,"Message":"DateTime::__construct(): Passing null to parameter #1 ($datetime) of type string is deprecated","File":"C:\\xampp\\htdocs\\wordpreess\\wp-content\\plugins\\woocommerce\\packages\\action-scheduler\\functions.php","Line":272}

Dec 27 2023 19:11:50
{"Number":8192,"Message":"Return type of Elementor\\Core\\Logger\\Items\\Base::jsonSerialize() should either be compatible with JsonSerializable::jsonSerialize(): mixed, or the #[\\ReturnTypeWillChange] attribute should be used to temporarily suppress the notice","File":"C:\\xampp\\htdocs\\wordpreess\\wp-content\\plugins\\elementor\\core\\logger\\items\\base.php","Line":46}

Dec 27 2023 19:11:50
{"type":8192,"message":"Return type of Elementor\\Core\\Utils\\Collection::getIterator() should either be compatible with IteratorAggregate::getIterator(): Traversable, or the #[\\ReturnTypeWillChange] attribute should be used to temporarily suppress the notice","file":"C:\\xampp\\htdocs\\wordpreess\\wp-content\\plugins\\elementor\\core\\utils\\collection.php","line":401}

Dec 27 2023 19:11:51
{"Number":8192,"Message":"Return type of ActionScheduler_DateTime::setTimezone($timezone) should either be compatible with DateTime::setTimezone(DateTimeZone $timezone): DateTime, or the #[\\ReturnTypeWillChange] attribute should be used to temporarily suppress the notice","File":"C:\\xampp\\htdocs\\wordpreess\\wp-content\\plugins\\woocommerce\\packages\\action-scheduler\\classes\\ActionScheduler_DateTime.php","Line":60}

Dec 27 2023 19:11:51
{"Number":8192,"Message":"Return type of ActionScheduler_DateTime::getOffset() should either be compatible with DateTime::getOffset(): int, or the #[\\ReturnTypeWillChange] attribute should be used to temporarily suppress the notice","File":"C:\\xampp\\htdocs\\wordpreess\\wp-content\\plugins\\woocommerce\\packages\\action-scheduler\\classes\\ActionScheduler_DateTime.php","Line":48}

Dec 27 2023 19:11:51
{"Number":8192,"Message":"Return type of ActionScheduler_DateTime::getTimestamp() should either be compatible with DateTime::getTimestamp(): int, or the #[\\ReturnTypeWillChange] attribute should be used to temporarily suppress the notice","File":"C:\\xampp\\htdocs\\wordpreess\\wp-content\\plugins\\woocommerce\\packages\\action-scheduler\\classes\\ActionScheduler_DateTime.php","Line":27}

Dec 27 2023 19:11:51
{"Number":8192,"Message":"DateTime::__construct(): Passing null to parameter #1 ($datetime) of type string is deprecated","File":"C:\\xampp\\htdocs\\wordpreess\\wp-content\\plugins\\woocommerce\\packages\\action-scheduler\\functions.php","Line":272}

Dec 27 2023 19:11:51
{"Number":8192,"Message":"Return type of Elementor\\Core\\Logger\\Items\\Base::jsonSerialize() should either be compatible with JsonSerializable::jsonSerialize(): mixed, or the #[\\ReturnTypeWillChange] attribute should be used to temporarily suppress the notice","File":"C:\\xampp\\htdocs\\wordpreess\\wp-content\\plugins\\elementor\\core\\logger\\items\\base.php","Line":46}

Dec 27 2023 19:11:51
{"type":8192,"message":"Return type of Elementor\\Core\\Utils\\Collection::getIterator() should either be compatible with IteratorAggregate::getIterator(): Traversable, or the #[\\ReturnTypeWillChange] attribute should be used to temporarily suppress the notice","file":"C:\\xampp\\htdocs\\wordpreess\\wp-content\\plugins\\elementor\\core\\utils\\collection.php","line":401}

